Determining if the pthread_create exist failed with the following output:
Change Dir: /home/charles/plexil-4.0.1/examples/basic/plexil_test/listener/build/CMakeFiles/CMakeTmp

Run Build Command:"/usr/bin/make" "cmTC_44a46/fast"
/usr/bin/make -f CMakeFiles/cmTC_44a46.dir/build.make CMakeFiles/cmTC_44a46.dir/build
make[1]: Entering directory '/home/charles/plexil-4.0.1/examples/basic/plexil_test/listener/build/CMakeFiles/CMakeTmp'
Building C object CMakeFiles/cmTC_44a46.dir/CheckSymbolExists.c.o
/usr/bin/cc     -o CMakeFiles/cmTC_44a46.dir/CheckSymbolExists.c.o   -c /home/charles/plexil-4.0.1/examples/basic/plexil_test/listener/build/CMakeFiles/CMakeTmp/CheckSymbolExists.c
Linking C executable cmTC_44a46
/opt/cmake/bin/cmake -E cmake_link_script CMakeFiles/cmTC_44a46.dir/link.txt --verbose=1
/usr/bin/cc       CMakeFiles/cmTC_44a46.dir/CheckSymbolExists.c.o  -o cmTC_44a46 -rdynamic 
CMakeFiles/cmTC_44a46.dir/CheckSymbolExists.c.o: In function `main':
CheckSymbolExists.c:(.text+0x16): undefined reference to `pthread_create'
collect2: error: ld returned 1 exit status
CMakeFiles/cmTC_44a46.dir/build.make:97: recipe for target 'cmTC_44a46' failed
make[1]: *** [cmTC_44a46] Error 1
make[1]: Leaving directory '/home/charles/plexil-4.0.1/examples/basic/plexil_test/listener/build/CMakeFiles/CMakeTmp'
Makefile:126: recipe for target 'cmTC_44a46/fast' failed
make: *** [cmTC_44a46/fast] Error 2

File /home/charles/plexil-4.0.1/examples/basic/plexil_test/listener/build/CMakeFiles/CMakeTmp/CheckSymbolExists.c:
/* */
#include <pthread.h>

int main(int argc, char** argv)
{
  (void)argv;
#ifndef pthread_create
  return ((int*)(&pthread_create))[argc];
#else
  (void)argc;
  return 0;
#endif
}

Determining if the function pthread_create exists in the pthreads failed with the following output:
Change Dir: /home/charles/plexil-4.0.1/examples/basic/plexil_test/listener/build/CMakeFiles/CMakeTmp

Run Build Command:"/usr/bin/make" "cmTC_8add0/fast"
/usr/bin/make -f CMakeFiles/cmTC_8add0.dir/build.make CMakeFiles/cmTC_8add0.dir/build
make[1]: Entering directory '/home/charles/plexil-4.0.1/examples/basic/plexil_test/listener/build/CMakeFiles/CMakeTmp'
Building C object CMakeFiles/cmTC_8add0.dir/CheckFunctionExists.c.o
/usr/bin/cc    -DCHECK_FUNCTION_EXISTS=pthread_create   -o CMakeFiles/cmTC_8add0.dir/CheckFunctionExists.c.o   -c /opt/cmake/share/cmake-3.7/Modules/CheckFunctionExists.c
Linking C executable cmTC_8add0
/opt/cmake/bin/cmake -E cmake_link_script CMakeFiles/cmTC_8add0.dir/link.txt --verbose=1
/usr/bin/cc   -DCHECK_FUNCTION_EXISTS=pthread_create    CMakeFiles/cmTC_8add0.dir/CheckFunctionExists.c.o  -o cmTC_8add0 -rdynamic -lpthreads 
/usr/bin/ld: cannot find -lpthreads
collect2: error: ld returned 1 exit status
CMakeFiles/cmTC_8add0.dir/build.make:97: recipe for target 'cmTC_8add0' failed
make[1]: *** [cmTC_8add0] Error 1
make[1]: Leaving directory '/home/charles/plexil-4.0.1/examples/basic/plexil_test/listener/build/CMakeFiles/CMakeTmp'
Makefile:126: recipe for target 'cmTC_8add0/fast' failed
make: *** [cmTC_8add0/fast] Error 2


